<?xml version="1.0" encoding="UTF-8"?>
<!-- Generated by org.testng.reporters.JUnitReportReporter -->
<testsuite hostname="Ecems-MacBook-Pro.local" failures="0" tests="1" name="services.Sample4Test" time="2.439" errors="0" timestamp="2022-01-30T23:05:16 TRT" skipped="0">
  <testcase classname="services.Sample4Test" name="getIventory" time="2.439"/>
  <system-out/>
</testsuite> <!-- services.Sample4Test -->
