<?xml version="1.0" encoding="UTF-8"?>
<!-- Generated by org.testng.reporters.JUnitReportReporter -->
<testsuite hostname="Ecems-MacBook-Pro.local" failures="0" tests="1" name="services.Sample4Test" time="7.256" errors="0" timestamp="2022-01-31T00:17:32 TRT" skipped="0">
  <testcase classname="services.Sample4Test" name="getIventory" time="7.256"/>
  <system-out/>
</testsuite> <!-- services.Sample4Test -->
